modules/lumina-blocker/android/build/intermediates/manifest_merge_blame_file/debug/processDebugManifest/manifest-merger-blame-debug-report.txt
1<?xml version="1.0" encoding="utf-8"?>
2<manifest xmlns:android="http://schemas.android.com/apk/res/android"
3    xmlns:tools="http://schemas.android.com/tools"
4    package="expo.modules.luminablocker" >
5
6    <uses-sdk android:minSdkVersion="24" />
7
8    <queries>
8-->src/main/AndroidManifest.xml:5:3-10:13
9        <intent>
9-->src/main/AndroidManifest.xml:6:5-9:14
10            <action android:name="android.intent.action.MAIN" />
10-->src/main/AndroidManifest.xml:7:7-59
10-->src/main/AndroidManifest.xml:7:15-56
11
12            <category android:name="android.intent.category.LAUNCHER" />
12-->src/main/AndroidManifest.xml:8:7-67
12-->src/main/AndroidManifest.xml:8:17-64
13        </intent>
14    </queries>
15
16    <application>
16-->src/main/AndroidManifest.xml:12:3-25:17
17        <service
17-->src/main/AndroidManifest.xml:13:5-24:15
18            android:name="expo.modules.luminablocker.LuminaAccessibilityService"
18-->src/main/AndroidManifest.xml:14:9-77
19            android:exported="true"
19-->src/main/AndroidManifest.xml:16:9-32
20            android:permission="android.permission.BIND_ACCESSIBILITY_SERVICE"
20-->src/main/AndroidManifest.xml:15:9-75
21            tools:replace="android:exported" >
21-->src/main/AndroidManifest.xml:17:9-41
22            <intent-filter>
22-->src/main/AndroidManifest.xml:18:7-20:23
23                <action android:name="android.accessibilityservice.AccessibilityService" />
23-->src/main/AndroidManifest.xml:19:9-84
23-->src/main/AndroidManifest.xml:19:17-81
24            </intent-filter>
25
26            <meta-data
26-->src/main/AndroidManifest.xml:21:7-23:65
27                android:name="android.accessibilityservice"
27-->src/main/AndroidManifest.xml:22:11-54
28                android:resource="@xml/lumina_accessibility_config" />
28-->src/main/AndroidManifest.xml:23:11-62
29        </service>
30    </application>
31
32</manifest>